-------------------------------------------------------------------------------
Test set: Login page feature #1
-------------------------------------------------------------------------------
Tests run: 3, Failures: 1, Errors: 0, Skipped: 0, Time elapsed: 29.882 s <<< FAILURE! - in Login page feature #1
Login with correct Credentials(Login page feature #1)  Time elapsed: 10.609 s  <<< FAILURE!
java.lang.AssertionError

