<?xml version="1.0" encoding="UTF-8"?>
<testsuite xmlns:xsi="http://www.w3.org/2001/XMLSchema-instance" xsi:noNamespaceSchemaLocation="https://maven.apache.org/surefire/maven-failsafe-plugin/xsd/failsafe-test-report-3.0.xsd" version="3.0" name="Login page feature #1" time="29.882" tests="3" errors="0" skipped="0" failures="1">
  <properties>
[...]
</properties>
  <testcase name="Login page title" classname="Login page feature #1" time="11.554"/>
  <testcase name="Forgot Password Link" classname="Login page feature #1" time="7.719"/>
  <testcase name="Login with correct Credentials" classname="Login page feature #1" time="10.609">
    <failure type="java.lang.AssertionError">java.lang.AssertionError
</failure>
    <system-out><![CDATA[
Scenario: Login with correct Credentials                   &amp#27;[90m# src/test/resources/AppFeatures/LoginPage.feature:12&amp#27;[0m
The browser value is::chrome
  &amp#27;[32mGiven &amp#27;[0m&amp#27;[32mUser is on login page&amp#27;[0m                              &amp#27;[90m# stepDefinitions.LoginPageSteps.user_is_on_login_page()&amp#27;[0m
  &amp#27;[32mWhen &amp#27;[0m&amp#27;[32muser enters username &amp#27;[0m&amp#27;[32m&amp#27;[1m"dec2020secondbatch@gmail.com"&amp#27;[0m &amp#27;[90m# stepDefinitions.LoginPageSteps.user_enters_username(java.lang.String)&amp#27;[0m
  &amp#27;[32mAnd &amp#27;[0m&amp#27;[32mUser enters password &amp#27;[0m&amp#27;[32m&amp#27;[1m"Selenium@12345"&amp#27;[0m                &amp#27;[90m# stepDefinitions.LoginPageSteps.user_enters_password(java.lang.String)&amp#27;[0m
  &amp#27;[32mAnd &amp#27;[0m&amp#27;[32mUser click on login button&amp#27;[0m                           &amp#27;[90m# stepDefinitions.LoginPageSteps.user_click_on_login_button()&amp#27;[0m
User is on login page::508 Resource Limit Is Reached
  &amp#27;[32mThen &amp#27;[0m&amp#27;[32mUser gets title of the page&amp#27;[0m                         &amp#27;[90m# stepDefinitions.LoginPageSteps.user_gets_title_of_the_page()&amp#27;[0m
  &amp#27;[31mAnd &amp#27;[0m&amp#27;[31mPage title should be &amp#27;[0m&amp#27;[31m&amp#27;[1m"My account - My Store"&amp#27;[0m         &amp#27;[90m# stepDefinitions.LoginPageSteps.page_title_should_be(java.lang.String)&amp#27;[0m
      &amp#27;[31mjava.lang.AssertionError
	at org.junit.Assert.fail(Assert.java:87)
	at org.junit.Assert.assertTrue(Assert.java:42)
	at org.junit.Assert.assertTrue(Assert.java:53)
	at stepDefinitions.LoginPageSteps.page_title_should_be(LoginPageSteps.java:32)
	at âœ½.Page title should be "My account - My Store"(file:///D:/Work/Work/EK12Docs/EC/com.cucumber.framework/src/test/resources/AppFeatures/LoginPage.feature:18)
&amp#27;[0m

    Embedding _L_o_g_i_n_ _w_i_t_h_ _c_o_r_r_e_c_t_ _C_r_e_d_e_n_t_i_a_l_s_ [/image/png 26090 bytes]

]]></system-out>
    <system-err><![CDATA[Starting ChromeDriver 103.0.5060.53 (a1711811edd74ff1cf2150f36ffa3b0dae40b17f-refs/branch-heads/5060@{#853}) on port 52287
Only local connections are allowed.
Please see https://chromedriver.chromium.org/security-considerations for suggestions on keeping ChromeDriver safe.
ChromeDriver was started successfully.
Jul 11, 2022 9:05:55 PM org.openqa.selenium.remote.ProtocolHandshake createSession
INFO: Detected upstream dialect: W3C
Jul 11, 2022 9:05:55 PM org.openqa.selenium.devtools.CdpVersionFinder findNearestMatch
INFO: Found exact CDP implementation for version 103
]]></system-err>
  </testcase>
</testsuite>